MONGODB | Topology type 'unknown' initializing.
MONGODB | There was a change in the members of the 'Unknown' topology.
MONGODB | Server localhost:27017 initializing.
MONGODB | Waiting for up to 30.00 seconds for servers to be scanned: #<Cluster topology=Unknown[localhost:27017] servers=[#<Server address=localhost:27017 UNKNOWN>]>
MONGODB | Server description for localhost:27017 changed from 'unknown' to 'standalone'.
MONGODB | Topology type 'Unknown' changed to type 'Single'.
MONGODB | localhost:27017 req:8 conn:1:1 sconn:5 | rails_in_memory_db_development.insert | STARTED | {"insert"=>"persistent_databases", "ordered"=>true, "documents"=>[{"_id"=>BSON::ObjectId('6048a700b4305f44cfb5df4c'), "name"=>"Organization"}], "$db"=>"rails_in_memory_db_development", "lsid"=>{"id"=><BSON::Binary:0x70132229980480 type=uuid data=0x9ea...
MONGODB | localhost:27017 req:8 | rails_in_memory_db_development.insert | SUCCEEDED | 0.015s
MONGODB | localhost:27017 req:9 conn:1:1 sconn:5 | rails_in_memory_db_development.find | STARTED | {"find"=>"persistent_databases", "filter"=>{"name"=>"Organization"}, "$db"=>"rails_in_memory_db_development", "lsid"=>{"id"=><BSON::Binary:0x70132229980480 type=uuid data=0x9ea55af85dec4bb9...>}}
MONGODB | localhost:27017 req:9 | rails_in_memory_db_development.find | SUCCEEDED | 0.003s
MONGODB | localhost:27017 req:11 conn:1:2 sconn:8 | admin.endSessions | STARTED | {"endSessions"=>[{"id"=><BSON::Binary:0x70132229980480 type=uuid data=0x9ea55af85dec4bb9...>}], "$db"=>"admin"}
MONGODB | localhost:27017 req:11 | admin.endSessions | SUCCEEDED | 0.003s
MONGODB | Topology type 'unknown' initializing.
MONGODB | There was a change in the members of the 'Unknown' topology.
MONGODB | Server localhost:27017 initializing.
MONGODB | Waiting for up to 30.00 seconds for servers to be scanned: #<Cluster topology=Unknown[localhost:27017] servers=[#<Server address=localhost:27017 UNKNOWN>]>
MONGODB | Server description for localhost:27017 changed from 'unknown' to 'standalone'.
MONGODB | Topology type 'Unknown' changed to type 'Single'.
MONGODB | localhost:27017 req:8 conn:1:1 sconn:11 | rails_in_memory_db_development.find | STARTED | {"find"=>"persistent_databases", "filter"=>{"name"=>"Organization"}, "$db"=>"rails_in_memory_db_development", "lsid"=>{"id"=><BSON::Binary:0x70187465669860 type=uuid data=0x5149e071181b4617...>}}
MONGODB | localhost:27017 req:8 | rails_in_memory_db_development.find | SUCCEEDED | 0.006s
MONGODB | localhost:27017 req:9 conn:1:1 sconn:11 | rails_in_memory_db_development.find | STARTED | {"find"=>"persistent_databases", "filter"=>{"name"=>"Organization"}, "$db"=>"rails_in_memory_db_development", "lsid"=>{"id"=><BSON::Binary:0x70187465669860 type=uuid data=0x5149e071181b4617...>}}
MONGODB | localhost:27017 req:9 | rails_in_memory_db_development.find | SUCCEEDED | 0.003s
MONGODB | localhost:27017 req:10 conn:1:1 sconn:11 | rails_in_memory_db_development.find | STARTED | {"find"=>"persistent_databases", "filter"=>{"name"=>"Organization"}, "$db"=>"rails_in_memory_db_development", "lsid"=>{"id"=><BSON::Binary:0x70187465669860 type=uuid data=0x5149e071181b4617...>}}
MONGODB | localhost:27017 req:10 | rails_in_memory_db_development.find | SUCCEEDED | 0.003s
MONGODB | localhost:27017 req:11 conn:1:1 sconn:11 | rails_in_memory_db_development.find | STARTED | {"find"=>"persistent_databases", "filter"=>{"name"=>"Organization"}, "$db"=>"rails_in_memory_db_development", "lsid"=>{"id"=><BSON::Binary:0x70187463942660 type=uuid data=0xdf00d9dd5ab74ca0...>}}
MONGODB | localhost:27017 req:11 | rails_in_memory_db_development.find | SUCCEEDED | 0.003s
MONGODB | localhost:27017 req:12 conn:1:1 sconn:11 | rails_in_memory_db_development.find | STARTED | {"find"=>"persistent_databases", "filter"=>{"name"=>"Organization"}, "$db"=>"rails_in_memory_db_development", "lsid"=>{"id"=><BSON::Binary:0x70187504420840 type=uuid data=0xc7fb18b95477472c...>}}
MONGODB | localhost:27017 req:12 | rails_in_memory_db_development.find | SUCCEEDED | 0.007s
MONGODB | localhost:27017 req:13 conn:1:1 sconn:11 | rails_in_memory_db_development.find | STARTED | {"find"=>"persistent_databases", "filter"=>{"name"=>"Organization"}, "$db"=>"rails_in_memory_db_development", "lsid"=>{"id"=><BSON::Binary:0x70187465916260 type=uuid data=0x0985168f8f9d4d05...>}}
MONGODB | localhost:27017 req:13 | rails_in_memory_db_development.find | SUCCEEDED | 0.003s
MONGODB | localhost:27017 req:14 conn:1:1 sconn:11 | rails_in_memory_db_development.insert | STARTED | {"insert"=>"persistent_databases", "ordered"=>true, "documents"=>[{"_id"=>BSON::ObjectId('6049e543b4305f2abf3d15eb'), "name"=>"Organization"}], "$db"=>"rails_in_memory_db_development", "lsid"=>{"id"=><BSON::Binary:0x70187512809100 type=uuid data=0x204...
MONGODB | localhost:27017 req:14 | rails_in_memory_db_development.insert | SUCCEEDED | 0.005s
MONGODB | localhost:27017 req:16 conn:1:2 sconn:16 | admin.endSessions | STARTED | {"endSessions"=>[{"id"=><BSON::Binary:0x70187512809100 type=uuid data=0x2046831f96d24c7e...>}], "$db"=>"admin"}
MONGODB | localhost:27017 req:16 | admin.endSessions | SUCCEEDED | 0.003s
MONGODB | Topology type 'unknown' initializing.
MONGODB | There was a change in the members of the 'Unknown' topology.
MONGODB | Server localhost:27017 initializing.
MONGODB | Waiting for up to 30.00 seconds for servers to be scanned: #<Cluster topology=Unknown[localhost:27017] servers=[#<Server address=localhost:27017 UNKNOWN>]>
MONGODB | Server description for localhost:27017 changed from 'unknown' to 'standalone'.
MONGODB | Topology type 'Unknown' changed to type 'Single'.
MONGODB | localhost:27017 req:8 conn:1:1 sconn:19 | rails_in_memory_db_development.find | STARTED | {"find"=>"persistent_databases", "filter"=>{"name"=>"Organization"}, "$db"=>"rails_in_memory_db_development", "lsid"=>{"id"=><BSON::Binary:0x70345932623060 type=uuid data=0x38e84266ba9c4b03...>}}
MONGODB | localhost:27017 req:8 | rails_in_memory_db_development.find | SUCCEEDED | 0.002s
MONGODB | localhost:27017 req:9 conn:1:1 sconn:19 | rails_in_memory_db_development.find | STARTED | {"find"=>"persistent_databases", "filter"=>{"name"=>"Organization"}, "$db"=>"rails_in_memory_db_development", "lsid"=>{"id"=><BSON::Binary:0x70345932623060 type=uuid data=0x38e84266ba9c4b03...>}}
MONGODB | localhost:27017 req:9 | rails_in_memory_db_development.find | SUCCEEDED | 0.005s
MONGODB | localhost:27017 req:11 conn:1:2 sconn:20 | admin.endSessions | STARTED | {"endSessions"=>[{"id"=><BSON::Binary:0x70345932623060 type=uuid data=0x38e84266ba9c4b03...>}], "$db"=>"admin"}
MONGODB | localhost:27017 req:11 | admin.endSessions | SUCCEEDED | 0.003s
MONGODB | Topology type 'unknown' initializing.
MONGODB | There was a change in the members of the 'Unknown' topology.
MONGODB | Server localhost:27017 initializing.
MONGODB | Waiting for up to 30.00 seconds for servers to be scanned: #<Cluster topology=Unknown[localhost:27017] servers=[#<Server address=localhost:27017 UNKNOWN>]>
MONGODB | Server description for localhost:27017 changed from 'unknown' to 'standalone'.
MONGODB | Topology type 'Unknown' changed to type 'Single'.
MONGODB | localhost:27017 req:8 conn:1:1 sconn:23 | rails_in_memory_db_development.find | STARTED | {"find"=>"persistent_databases", "filter"=>{"name"=>"Organization"}, "$db"=>"rails_in_memory_db_development", "lsid"=>{"id"=><BSON::Binary:0x70266935205440 type=uuid data=0x95933597e69b4700...>}}
MONGODB | localhost:27017 req:8 | rails_in_memory_db_development.find | SUCCEEDED | 0.002s
MONGODB | localhost:27017 req:9 conn:1:1 sconn:23 | rails_in_memory_db_development.find | STARTED | {"find"=>"persistent_databases", "filter"=>{"name"=>"Organization"}, "$db"=>"rails_in_memory_db_development", "lsid"=>{"id"=><BSON::Binary:0x70266935205440 type=uuid data=0x95933597e69b4700...>}}
MONGODB | localhost:27017 req:9 | rails_in_memory_db_development.find | SUCCEEDED | 0.004s
MONGODB | localhost:27017 req:11 conn:1:2 sconn:24 | admin.endSessions | STARTED | {"endSessions"=>[{"id"=><BSON::Binary:0x70266935205440 type=uuid data=0x95933597e69b4700...>}], "$db"=>"admin"}
MONGODB | localhost:27017 req:11 | admin.endSessions | SUCCEEDED | 0.004s
MONGODB | Topology type 'unknown' initializing.
MONGODB | There was a change in the members of the 'Unknown' topology.
MONGODB | Server localhost:27017 initializing.
MONGODB | Waiting for up to 30.00 seconds for servers to be scanned: #<Cluster topology=Unknown[localhost:27017] servers=[#<Server address=localhost:27017 UNKNOWN>]>
MONGODB | Server description for localhost:27017 changed from 'unknown' to 'standalone'.
MONGODB | Topology type 'Unknown' changed to type 'Single'.
MONGODB | localhost:27017 req:8 conn:1:1 sconn:27 | rails_in_memory_db_development.find | STARTED | {"find"=>"persistent_databases", "filter"=>{"name"=>"Organization"}, "$db"=>"rails_in_memory_db_development", "lsid"=>{"id"=><BSON::Binary:0x70211460340800 type=uuid data=0x389ecb15a1eb49c9...>}}
MONGODB | localhost:27017 req:8 | rails_in_memory_db_development.find | SUCCEEDED | 0.002s
MONGODB | localhost:27017 req:9 conn:1:1 sconn:27 | rails_in_memory_db_development.find | STARTED | {"find"=>"persistent_databases", "filter"=>{"name"=>"Organization"}, "$db"=>"rails_in_memory_db_development", "lsid"=>{"id"=><BSON::Binary:0x70211460340800 type=uuid data=0x389ecb15a1eb49c9...>}}
MONGODB | localhost:27017 req:9 | rails_in_memory_db_development.find | SUCCEEDED | 0.008s
MONGODB | localhost:27017 req:10 conn:1:1 sconn:27 | rails_in_memory_db_development.find | STARTED | {"find"=>"persistent_tables", "filter"=>{"database_id"=>BSON::ObjectId('6048a700b4305f44cfb5df4c'), "name"=>"Employee"}, "projection"=>{"_id"=>1}, "limit"=>1, "$db"=>"rails_in_memory_db_development", "lsid"=>{"id"=><BSON::Binary:0x70211460340800 type=...
MONGODB | localhost:27017 req:10 | rails_in_memory_db_development.find | SUCCEEDED | 0.006s
MONGODB | localhost:27017 req:12 conn:1:2 sconn:28 | admin.endSessions | STARTED | {"endSessions"=>[{"id"=><BSON::Binary:0x70211460340800 type=uuid data=0x389ecb15a1eb49c9...>}], "$db"=>"admin"}
MONGODB | localhost:27017 req:12 | admin.endSessions | SUCCEEDED | 0.004s
MONGODB | Topology type 'unknown' initializing.
MONGODB | There was a change in the members of the 'Unknown' topology.
MONGODB | Server localhost:27017 initializing.
MONGODB | Waiting for up to 30.00 seconds for servers to be scanned: #<Cluster topology=Unknown[localhost:27017] servers=[#<Server address=localhost:27017 UNKNOWN>]>
MONGODB | Server description for localhost:27017 changed from 'unknown' to 'standalone'.
MONGODB | Topology type 'Unknown' changed to type 'Single'.
MONGODB | localhost:27017 req:8 conn:1:1 sconn:31 | rails_in_memory_db_development.find | STARTED | {"find"=>"persistent_databases", "filter"=>{"name"=>"Organization"}, "$db"=>"rails_in_memory_db_development", "lsid"=>{"id"=><BSON::Binary:0x70096456615820 type=uuid data=0xb16a96a79d9e460d...>}}
MONGODB | localhost:27017 req:8 | rails_in_memory_db_development.find | SUCCEEDED | 0.002s
MONGODB | localhost:27017 req:9 conn:1:1 sconn:31 | rails_in_memory_db_development.find | STARTED | {"find"=>"persistent_tables", "filter"=>{"database_id"=>BSON::ObjectId('6048a700b4305f44cfb5df4c'), "name"=>"Employee"}, "projection"=>{"_id"=>1}, "limit"=>1, "$db"=>"rails_in_memory_db_development", "lsid"=>{"id"=><BSON::Binary:0x70096456615820 type=...
MONGODB | localhost:27017 req:9 | rails_in_memory_db_development.find | SUCCEEDED | 0.003s
MONGODB | localhost:27017 req:10 conn:1:1 sconn:31 | rails_in_memory_db_development.find | STARTED | {"find"=>"persistent_tables", "filter"=>{"database_id"=>BSON::ObjectId('6048a700b4305f44cfb5df4c'), "name"=>"Employee"}, "projection"=>{"_id"=>1}, "limit"=>1, "$db"=>"rails_in_memory_db_development", "lsid"=>{"id"=><BSON::Binary:0x70096456615820 type=...
MONGODB | localhost:27017 req:10 | rails_in_memory_db_development.find | SUCCEEDED | 0.003s
MONGODB | localhost:27017 req:12 conn:1:2 sconn:32 | admin.endSessions | STARTED | {"endSessions"=>[{"id"=><BSON::Binary:0x70096456615820 type=uuid data=0xb16a96a79d9e460d...>}], "$db"=>"admin"}
MONGODB | localhost:27017 req:12 | admin.endSessions | SUCCEEDED | 0.002s
MONGODB | Topology type 'unknown' initializing.
MONGODB | There was a change in the members of the 'Unknown' topology.
MONGODB | Server localhost:27017 initializing.
MONGODB | Waiting for up to 30.00 seconds for servers to be scanned: #<Cluster topology=Unknown[localhost:27017] servers=[#<Server address=localhost:27017 UNKNOWN>]>
MONGODB | Server description for localhost:27017 changed from 'unknown' to 'standalone'.
MONGODB | Topology type 'Unknown' changed to type 'Single'.
MONGODB | localhost:27017 req:8 conn:1:1 sconn:34 | rails_in_memory_db_development.find | STARTED | {"find"=>"persistent_databases", "filter"=>{"name"=>"Organization"}, "$db"=>"rails_in_memory_db_development", "lsid"=>{"id"=><BSON::Binary:0x70222521534240 type=uuid data=0xfe1e7f9c93b443e8...>}}
MONGODB | localhost:27017 req:8 | rails_in_memory_db_development.find | SUCCEEDED | 0.011s
MONGODB | localhost:27017 req:9 conn:1:1 sconn:34 | rails_in_memory_db_development.find | STARTED | {"find"=>"persistent_tables", "filter"=>{"database_id"=>BSON::ObjectId('6048a700b4305f44cfb5df4c'), "name"=>"Employee"}, "projection"=>{"_id"=>1}, "limit"=>1, "$db"=>"rails_in_memory_db_development", "lsid"=>{"id"=><BSON::Binary:0x70222521534240 type=...
MONGODB | localhost:27017 req:9 | rails_in_memory_db_development.find | SUCCEEDED | 0.003s
MONGODB | localhost:27017 req:10 conn:1:1 sconn:34 | rails_in_memory_db_development.find | STARTED | {"find"=>"persistent_tables", "filter"=>{"database_id"=>BSON::ObjectId('6048a700b4305f44cfb5df4c'), "name"=>"Employee"}, "projection"=>{"_id"=>1}, "limit"=>1, "$db"=>"rails_in_memory_db_development", "lsid"=>{"id"=><BSON::Binary:0x70222521534240 type=...
MONGODB | localhost:27017 req:10 | rails_in_memory_db_development.find | SUCCEEDED | 0.004s
MONGODB | localhost:27017 req:12 conn:1:2 sconn:36 | admin.endSessions | STARTED | {"endSessions"=>[{"id"=><BSON::Binary:0x70222521534240 type=uuid data=0xfe1e7f9c93b443e8...>}], "$db"=>"admin"}
MONGODB | localhost:27017 req:12 | admin.endSessions | SUCCEEDED | 0.002s
MONGODB | Topology type 'unknown' initializing.
MONGODB | There was a change in the members of the 'Unknown' topology.
MONGODB | Server localhost:27017 initializing.
MONGODB | Waiting for up to 30.00 seconds for servers to be scanned: #<Cluster topology=Unknown[localhost:27017] servers=[#<Server address=localhost:27017 UNKNOWN>]>
MONGODB | Server description for localhost:27017 changed from 'unknown' to 'standalone'.
MONGODB | Topology type 'Unknown' changed to type 'Single'.
MONGODB | localhost:27017 req:8 conn:1:1 sconn:38 | rails_in_memory_db_development.find | STARTED | {"find"=>"persistent_databases", "filter"=>{"name"=>"Organization"}, "$db"=>"rails_in_memory_db_development", "lsid"=>{"id"=><BSON::Binary:0x70345883895360 type=uuid data=0x7c7c96775eb74ec2...>}}
MONGODB | localhost:27017 req:8 | rails_in_memory_db_development.find | SUCCEEDED | 0.002s
MONGODB | localhost:27017 req:9 conn:1:1 sconn:38 | rails_in_memory_db_development.find | STARTED | {"find"=>"persistent_tables", "filter"=>{"database_id"=>BSON::ObjectId('6048a700b4305f44cfb5df4c'), "name"=>"Employee"}, "projection"=>{"_id"=>1}, "limit"=>1, "$db"=>"rails_in_memory_db_development", "lsid"=>{"id"=><BSON::Binary:0x70345883895360 type=...
MONGODB | localhost:27017 req:9 | rails_in_memory_db_development.find | SUCCEEDED | 0.003s
MONGODB | localhost:27017 req:10 conn:1:1 sconn:38 | rails_in_memory_db_development.insert | STARTED | {"insert"=>"persistent_tables", "ordered"=>true, "documents"=>[{"_id"=>BSON::ObjectId('6049ee2db4305f150f1548df'), "name"=>"Employee", "columns"=>[{"name"=>"name", "type"=>"string", "required"=>true}, {"name"=>"id", "type"=>"int", "required"=>false}],...
MONGODB | localhost:27017 req:10 | rails_in_memory_db_development.insert | SUCCEEDED | 0.066s
MONGODB | localhost:27017 req:11 conn:1:1 sconn:38 | rails_in_memory_db_development.find | STARTED | {"find"=>"persistent_databases", "filter"=>{"name"=>"Organization"}, "$db"=>"rails_in_memory_db_development", "lsid"=>{"id"=><BSON::Binary:0x70345883895360 type=uuid data=0x7c7c96775eb74ec2...>}}
MONGODB | localhost:27017 req:11 | rails_in_memory_db_development.find | SUCCEEDED | 0.005s
MONGODB | localhost:27017 req:12 conn:1:1 sconn:38 | rails_in_memory_db_development.find | STARTED | {"find"=>"persistent_tables", "filter"=>{"database_id"=>BSON::ObjectId('6048a700b4305f44cfb5df4c')}, "$db"=>"rails_in_memory_db_development", "lsid"=>{"id"=><BSON::Binary:0x70345883895360 type=uuid data=0x7c7c96775eb74ec2...>}}
MONGODB | localhost:27017 req:12 | rails_in_memory_db_development.find | SUCCEEDED | 0.005s
MONGODB | localhost:27017 req:14 conn:1:2 sconn:42 | admin.endSessions | STARTED | {"endSessions"=>[{"id"=><BSON::Binary:0x70345883895360 type=uuid data=0x7c7c96775eb74ec2...>}], "$db"=>"admin"}
MONGODB | localhost:27017 req:14 | admin.endSessions | SUCCEEDED | 0.002s
